<?xml version="1.0" encoding="UTF-8"?>
<!-- Generated by org.testng.reporters.JUnitXMLReporter -->
<testsuite ignored="0" hostname="DESKTOP-2UOB7HG" failures="2" tests="15" name="Demo Test" time="0.136" errors="0" timestamp="2020-11-04T17:28:38 EST">
  <testcase classname="DemoTC" name="API1TC" time="0.009"/>
  <testcase classname="DemoTC" name="Car1TC" time="0.001"/>
  <testcase classname="DemoTC" name="FirstTC" time="0.004">
    <failure type="java.lang.AssertionError" message="expected [true] but found [false]">
      <![CDATA[java.lang.AssertionError: expected [true] but found [false]
at DemoTC.FirstTC(DemoTC.java:9)
at java.base/java.util.ArrayList.forEach(ArrayList.java:1511)
... Removed 31 stack frames]]>
    </failure>
  </testcase> <!-- FirstTC -->
  <testcase classname="DemoTC" name="SecondTC" time="0.002"/>
  <testcase classname="DemoTC" name="ThirdTC" time="0.002"/>
  <testcase classname="Demo2" name="Car2TC" time="0.001"/>
  <testcase classname="Demo2" name="FourthTC" time="0.0">
    <failure type="org.testng.TestNGException" message="
Parameter &amp;apos;URL&amp;apos; is required by @Test on method FourthTC but has not been marked @Optional or defined
in C:\Users\sidpw\eclipse-workspace\TestNG_Project\testng3.xml">
      <![CDATA[org.testng.TestNGException: 
Parameter 'URL' is required by @Test on method FourthTC but has not been marked @Optional or defined
in C:\Users\sidpw\eclipse-workspace\TestNG_Project\testng3.xml
at java.base/java.util.ArrayList.forEach(ArrayList.java:1511)
... Removed 26 stack frames]]>
    </failure>
  </testcase> <!-- FourthTC -->
  <testcase classname="Demo2" name="SixthTC" time="0.009"/>
  <testcase classname="Demo2" name="FifthTC" time="0.003"/>
  <testcase classname="Demo2" name="API2TC" time="0.001"/>
  <testcase classname="Demo3" name="API3TC" time="0.001"/>
  <testcase classname="Demo3" name="NinthTC" time="0.001"/>
  <testcase classname="Demo3" name="SeventhTC" time="0.002"/>
  <testcase classname="Demo3" name="SeventhTC" time="0.001"/>
  <testcase classname="Demo3" name="SeventhTC" time="0.002"/>
</testsuite> <!-- Demo Test -->
